{"level":"info","message":{"method":"POST","status":422,"url":"/api/admin/gencsp"}}
{"level":"info","message":{"method":"POST","status":200,"url":"/gencsp"}}
{"level":"info","message":{"method":"POST","status":422,"url":"/api/admin/gencsp"}}
{"level":"info","message":{"method":"POST","status":422,"url":"/api/admin/gencsp"}}
{"level":"info","message":{"method":"POST","status":200,"url":"/reqcspcenter"}}
{"level":"info","message":{"method":"POST","status":401,"url":"/api/csp/login"}}
{"level":"info","message":{"method":"POST","status":500,"url":"/api/csp/login"}}
{"level":"info","message":{"method":"POST","status":401,"url":"/api/csp/login"}}
{"level":"info","message":{"method":"POST","status":500,"url":"/api/csp/login"}}
{"level":"info","message":{"method":"POST","status":200,"url":"/login"}}
{"level":"info","message":{"method":"POST","status":401,"url":"/api/admin/gencsp"}}
{"level":"info","message":{"method":"POST","status":200,"url":"/adminlogin"}}
{"level":"info","message":{"method":"POST","status":200,"url":"/gencsp"}}
{"level":"info","message":{"method":"POST","status":401,"url":"/api/csp/login"}}
{"level":"info","message":{"method":"POST","status":200,"url":"/login"}}
{"level":"info","message":{"method":"POST","status":200,"url":"/login"}}
{"level":"info","message":{"method":"POST","status":200,"url":"/login"}}
{"level":"info","message":{"method":"POST","status":200,"url":"/login"}}
{"level":"info","message":{"method":"POST","status":404,"url":"/api/csp/getDetails"}}
{"level":"info","message":{"method":"GET","status":404,"url":"/api/csp/getDetails"}}
{"level":"info","message":{"method":"GET","status":404,"url":"/api/csp/getDetails"}}
{"level":"info","message":{"method":"GET","status":404,"url":"/api/csp/getDetails"}}
{"level":"info","message":{"method":"POST","status":404,"url":"/api/csp/getDetails"}}
{"level":"info","message":{"method":"POST","status":200,"url":"/login"}}
{"level":"info","message":{"method":"POST","status":404,"url":"/api/csp/getDetails"}}
{"level":"info","message":{"method":"POST","status":404,"url":"/api/csp/getDetails"}}
{"level":"info","message":{"method":"POST","status":404,"url":"/api/csp/getDetails"}}
{"level":"info","message":{"method":"POST","status":200,"url":"/getDetails"}}
{"level":"info","message":{"method":"POST","status":401,"url":"/api/csp/getDetails"}}
{"level":"info","message":{"method":"POST","status":200,"url":"/getDetails"}}
{"level":"info","message":{"method":"POST","status":200,"url":"/getDetails"}}
{"level":"info","message":{"method":"POST","status":200,"url":"/getDetails"}}
{"level":"info","message":{"method":"POST","status":200,"url":"/getDetails"}}
{"level":"info","message":{"method":"POST","status":401,"url":"/api/csp/getDetails"}}
{"level":"info","message":{"method":"POST","status":200,"url":"/getDetails"}}
{"level":"info","message":{"method":"POST","status":500,"url":"/api/csp/getDetails"}}
{"level":"info","message":{"method":"POST","status":200,"url":"/getDetails"}}
{"level":"info","message":{"method":"POST","status":500,"url":"/api/csp/getDetails"}}
{"level":"info","message":{"method":"POST","status":500,"url":"/api/csp/getDetails"}}
{"level":"info","message":{"method":"POST","status":200,"url":"/getDetails"}}
{"level":"info","message":{"method":"POST","status":200,"url":"/getDetails"}}
{"level":"info","message":{"method":"POST","status":200,"url":"/getDetails"}}
{"level":"info","message":{"method":"GET","status":404,"url":"/api/csp/getDetails"}}
{"level":"info","message":{"method":"POST","status":200,"url":"/login"}}
{"level":"info","message":{"method":"POST","status":401,"url":"/api/csp/getDetails"}}
{"level":"info","message":{"method":"POST","status":200,"url":"/login"}}
{"level":"info","message":{"method":"POST","status":401,"url":"/api/csp/getDetails"}}
{"level":"info","message":{"method":"POST","status":200,"url":"/getDetails"}}
{"level":"info","message":{"method":"POST","status":200,"url":"/getDetails"}}
{"level":"info","message":{"method":"POST","status":200,"url":"/getDetails"}}
{"level":"info","message":{"method":"POST","status":200,"url":"/getDetails"}}
{"level":"info","message":{"method":"POST","status":200,"url":"/getDetails"}}
{"level":"info","message":{"method":"POST","status":200,"url":"/getDetails"}}
{"level":"info","message":{"method":"POST","status":200,"url":"/getDetails"}}
{"level":"info","message":{"method":"POST","status":200,"url":"/getDetails"}}
{"level":"info","message":{"method":"POST","status":401,"url":"/api/csp/getDetails"}}
{"level":"info","message":{"method":"POST","status":500,"url":"/api/csp/getDetails"}}
{"level":"info","message":{"method":"POST","status":401,"url":"/api/csp/getDetails"}}
{"level":"info","message":{"method":"POST","status":500,"url":"/api/csp/getDetails"}}
{"level":"info","message":{"method":"POST","status":200,"url":"/getDetails"}}
{"level":"info","message":{"method":"POST","status":200,"url":"/getDetails"}}
{"level":"info","message":{"method":"POST","status":200,"url":"/getDetails"}}
{"level":"info","message":{"method":"POST","status":200,"url":"/getDetails"}}
{"level":"info","message":{"method":"POST","status":200,"url":"/getDetails"}}
{"level":"info","message":{"method":"POST","status":200,"url":"/getDetails"}}
{"level":"info","message":{"method":"POST","status":200,"url":"/getDetails"}}
{"level":"info","message":{"method":"GET","status":200,"url":"/getDetails"}}
{"level":"info","message":{"method":"POST","status":500,"url":"/api/auth/reqcspcenter"}}
{"level":"info","message":{"method":"POST","status":400,"url":"/reqcspcenter"}}
{"level":"info","message":{"method":"POST","status":400,"url":"/reqcspcenter"}}
{"level":"info","message":{"method":"POST","status":400,"url":"/reqcspcenter"}}
{"level":"info","message":{"method":"POST","status":400,"url":"/reqcspcenter"}}
{"level":"info","message":{"method":"POST","status":200,"url":"/reqcspcenter"}}
{"level":"info","message":{"method":"POST","status":200,"url":"/reqcspcenter"}}
{"level":"info","message":{"method":"POST","status":200,"url":"/reqcspcenter"}}
{"level":"info","message":{"method":"POST","status":200,"url":"/reqcspcenter"}}
{"level":"info","message":{"method":"GET","status":500,"url":"/api/csp/getDetails"}}
{"level":"info","message":{"method":"POST","status":200,"url":"/login"}}
{"level":"info","message":{"method":"GET","status":200,"url":"/getDetails"}}
{"level":"info","message":{"method":"POST","status":200,"url":"/login"}}
{"level":"info","message":{"method":"POST","status":200,"url":"/login"}}
{"level":"info","message":{"method":"POST","status":500,"url":"/api/csp/login"}}
{"level":"info","message":{"method":"POST","status":200,"url":"/login"}}
{"level":"info","message":{"method":"POST","status":200,"url":"/login"}}
{"level":"info","message":{"method":"POST","status":200,"url":"/login"}}
{"level":"info","message":{"method":"POST","status":401,"url":"/api/csp/login"}}
{"level":"info","message":{"method":"POST","status":200,"url":"/activatecsp"}}
{"level":"info","message":{"method":"POST","status":200,"url":"/login"}}
{"level":"info","message":{"method":"POST","status":200,"url":"/activatecsp"}}
{"level":"info","message":{"method":"POST","status":200,"url":"/activatecsp"}}
{"level":"info","message":{"method":"POST","status":200,"url":"/activatecsp"}}
{"level":"info","message":{"method":"POST","status":200,"url":"/login"}}
{"level":"info","message":{"method":"POST","status":401,"url":"/api/csp/login"}}
{"level":"info","message":{"method":"POST","status":200,"url":"/activatecsp"}}
{"level":"info","message":{"method":"POST","status":200,"url":"/activatecsp"}}
{"level":"info","message":{"method":"POST","status":200,"url":"/login"}}
{"level":"info","message":{"method":"GET","status":200,"url":"/getDetails"}}
{"level":"info","message":{"method":"POST","status":500,"url":"/reqcspcenter"}}
{"level":"info","message":{"method":"GET","status":200,"url":"/getDetails"}}
{"level":"info","message":{"method":"POST","status":400,"url":"/reqcspcenter"}}
{"level":"info","message":{"method":"POST","status":400,"url":"/reqcspcenter"}}
{"level":"info","message":{"method":"POST","status":500,"url":"/reqcspcenter"}}
{"level":"info","message":{"method":"POST","status":500,"url":"/reqcspcenter"}}
{"level":"info","message":{"method":"POST","status":200,"url":"/reqcspcenter"}}
